[DEBUG] Factory pre_barrier_init() takes 0.076671 seconds
Starting simulation with 100000 junctions, 277590 roads and 200 vehicles
[DEBUG] Framework initialize_actors() takes 5.862742 seconds
[Time: 2 mins] 200 vehicles, 0 passengers delivered, 0 stranded passengers, 0 crashed vehicles, 0 vehicles exhausted fuel
[Time: 4 mins] 397 vehicles, 7 passengers delivered, 0 stranded passengers, 0 crashed vehicles, 0 vehicles exhausted fuel
[Time: 6 mins] 509 vehicles, 7 passengers delivered, 0 stranded passengers, 0 crashed vehicles, 0 vehicles exhausted fuel
[Time: 8 mins] 758 vehicles, 10 passengers delivered, 5 stranded passengers, 0 crashed vehicles, 4 vehicles exhausted fuel
[Time: 10 mins] 905 vehicles, 10 passengers delivered, 22 stranded passengers, 0 crashed vehicles, 12 vehicles exhausted fuel
[Time: 12 mins] 1157 vehicles, 23 passengers delivered, 34 stranded passengers, 0 crashed vehicles, 23 vehicles exhausted fuel
[Time: 14 mins] 1452 vehicles, 133 passengers delivered, 92 stranded passengers, 0 crashed vehicles, 44 vehicles exhausted fuel
[Time: 16 mins] 1609 vehicles, 137 passengers delivered, 135 stranded passengers, 0 crashed vehicles, 72 vehicles exhausted fuel
[Time: 18 mins] 1847 vehicles, 138 passengers delivered, 178 stranded passengers, 0 crashed vehicles, 95 vehicles exhausted fuel
[Time: 20 mins] 2148 vehicles, 153 passengers delivered, 232 stranded passengers, 0 crashed vehicles, 131 vehicles exhausted fuel
[Time: 22 mins] 2478 vehicles, 167 passengers delivered, 300 stranded passengers, 0 crashed vehicles, 175 vehicles exhausted fuel
[Time: 24 mins] 2714 vehicles, 239 passengers delivered, 374 stranded passengers, 0 crashed vehicles, 216 vehicles exhausted fuel
[Time: 26 mins] 2771 vehicles, 381 passengers delivered, 492 stranded passengers, 0 crashed vehicles, 274 vehicles exhausted fuel
[Time: 28 mins] 2838 vehicles, 414 passengers delivered, 624 stranded passengers, 0 crashed vehicles, 338 vehicles exhausted fuel
[Time: 30 mins] 2910 vehicles, 414 passengers delivered, 754 stranded passengers, 0 crashed vehicles, 406 vehicles exhausted fuel
Finished after 30 mins: 2910 vehicles, 414 passengers delivered, 754 passengers stranded, 0 crashed vehicles, 406 vehicles exhausted fuel
[DEBUG] Summary send_terminate() takes 9.087862 seconds
[DEBUG] Summary write_detailed_info() takes 0.243355 seconds
Execution time is 74.866167
